c:\users\makki viktor\source\repos\lavaislandengine\lavaislandengine\x64\debug\vc141.pdb
c:\users\makki viktor\source\repos\lavaislandengine\lavaislandengine\x64\debug\vc141.idb
c:\users\makki viktor\source\repos\lavaislandengine\lavaislandengine\x64\debug\window.obj
c:\users\makki viktor\source\repos\lavaislandengine\lavaislandengine\x64\debug\structureoperations.obj
c:\users\makki viktor\source\repos\lavaislandengine\lavaislandengine\x64\debug\starter.obj
c:\users\makki viktor\source\repos\lavaislandengine\lavaislandengine\x64\debug\instance.obj
c:\users\makki viktor\source\repos\lavaislandengine\lavaislandengine\x64\debug\glfwguard.obj
c:\users\makki viktor\source\repos\lavaislandengine\lavaislandengine\x64\debug\extension.obj
c:\users\makki viktor\source\repos\lavaislandengine\lavaislandengine\x64\debug\debug.obj
c:\users\makki viktor\source\repos\lavaislandengine\lavaislandengine\x64\debug\physicaldevice.obj
c:\users\makki viktor\source\repos\lavaislandengine\lavaislandengine\x64\debug\logicaldevice.obj
c:\users\makki viktor\source\repos\lavaislandengine\lavaislandengine\x64\debug\queue.obj
c:\users\makki viktor\source\repos\lavaislandengine\lavaislandengine\x64\debug\win32windowsurface.obj
c:\users\makki viktor\source\repos\lavaislandengine\lavaislandengine\x64\debug\windowsurface.obj
c:\users\makki viktor\source\repos\lavaislandengine\lavaislandengine\x64\debug\vulkantypeoperators.obj
c:\users\makki viktor\source\repos\lavaislandengine\x64\debug\lavaislandengine.ilk
c:\users\makki viktor\source\repos\lavaislandengine\x64\debug\lavaislandengine.exe
c:\users\makki viktor\source\repos\lavaislandengine\x64\debug\lavaislandengine.pdb
c:\users\makki viktor\source\repos\lavaislandengine\lavaislandengine\x64\debug\swapchain.obj
c:\users\makki viktor\source\repos\lavaislandengine\lavaislandengine\x64\debug\physicaldevice.obj.enc
c:\users\makki viktor\source\repos\lavaislandengine\lavaislandengine\x64\debug\starter.obj.enc
c:\users\makki viktor\source\repos\lavaislandengine\lavaislandengine\x64\debug\lavaislandengine.tlog\cl.command.1.tlog
c:\users\makki viktor\source\repos\lavaislandengine\lavaislandengine\x64\debug\lavaislandengine.tlog\cl.read.1.tlog
c:\users\makki viktor\source\repos\lavaislandengine\lavaislandengine\x64\debug\lavaislandengine.tlog\cl.write.1.tlog
c:\users\makki viktor\source\repos\lavaislandengine\lavaislandengine\x64\debug\lavaislandengine.tlog\link.command.1.tlog
c:\users\makki viktor\source\repos\lavaislandengine\lavaislandengine\x64\debug\lavaislandengine.tlog\link.read.1.tlog
c:\users\makki viktor\source\repos\lavaislandengine\lavaislandengine\x64\debug\lavaislandengine.tlog\link.write.1.tlog
