  Debug.cpp
  Extension.cpp
  ImageViews.cpp
c:\users\makki viktor\source\repos\lavaislandengine\lavaislandengine\physicaldevice.h(56): warning C4114: same type qualifier used more than once
c:\users\makki viktor\source\repos\lavaislandengine\lavaislandengine\physicaldevice.h(88): warning C4114: same type qualifier used more than once
  Instance.cpp
  LogicalDevice.cpp
c:\users\makki viktor\source\repos\lavaislandengine\lavaislandengine\physicaldevice.h(56): warning C4114: same type qualifier used more than once
c:\users\makki viktor\source\repos\lavaislandengine\lavaislandengine\physicaldevice.h(88): warning C4114: same type qualifier used more than once
c:\users\makki viktor\source\repos\lavaislandengine\lavaislandengine\logicaldevice.cpp(22): warning C4390: ';': empty controlled statement found; is this the intent?
c:\users\makki viktor\source\repos\lavaislandengine\lavaislandengine\logicaldevice.cpp(54): warning C4267: '=': conversion from 'size_t' to 'uint32_t', possible loss of data
c:\users\makki viktor\source\repos\lavaislandengine\lavaislandengine\logicaldevice.cpp(56): warning C4267: '=': conversion from 'size_t' to 'uint32_t', possible loss of data
  PhysicalDevice.cpp
c:\users\makki viktor\source\repos\lavaislandengine\lavaislandengine\physicaldevice.h(56): warning C4114: same type qualifier used more than once
c:\users\makki viktor\source\repos\lavaislandengine\lavaislandengine\physicaldevice.h(88): warning C4114: same type qualifier used more than once
c:\users\makki viktor\source\repos\lavaislandengine\lavaislandengine\physicaldevice.cpp(50): warning C4390: ';': empty controlled statement found; is this the intent?
c:\users\makki viktor\source\repos\lavaislandengine\lavaislandengine\physicaldevice.cpp(68): warning C4390: ';': empty controlled statement found; is this the intent?
  Queue.cpp
c:\users\makki viktor\source\repos\lavaislandengine\lavaislandengine\physicaldevice.h(56): warning C4114: same type qualifier used more than once
c:\users\makki viktor\source\repos\lavaislandengine\lavaislandengine\physicaldevice.h(88): warning C4114: same type qualifier used more than once
  Starter.cpp
c:\users\makki viktor\source\repos\lavaislandengine\lavaislandengine\physicaldevice.h(56): warning C4114: same type qualifier used more than once
c:\users\makki viktor\source\repos\lavaislandengine\lavaislandengine\physicaldevice.h(88): warning C4114: same type qualifier used more than once
  StructureOperations.cpp
  SwapChain.cpp
c:\users\makki viktor\source\repos\lavaislandengine\lavaislandengine\physicaldevice.h(56): warning C4114: same type qualifier used more than once
c:\users\makki viktor\source\repos\lavaislandengine\lavaislandengine\physicaldevice.h(88): warning C4114: same type qualifier used more than once
c:\users\makki viktor\source\repos\lavaislandengine\lavaislandengine\swapchain.cpp(208): warning C4267: '=': conversion from 'size_t' to 'uint32_t', possible loss of data
  VulkanTypeOperators.cpp
  WindowSurface.cpp
  Window.cpp
  Generating code
  917 of 1266 functions (72.4%) were compiled, the rest were copied from previous compilation.
    807 functions were new in current compilation
    84 functions had inline decision re-evaluated but remain unchanged
  Finished generating code
  LavaIslandEngine.vcxproj -> C:\Users\Makki Viktor\source\repos\LavaIslandEngine\x64\Release\LavaIslandEngine.exe
